<?xml version="1.0" encoding="UTF-8"?>
<!-- Generated by org.testng.reporters.JUnitReportReporter -->
<testsuite hostname="ROBPC-PC" name="com.automation.training.MyHomework" tests="2" failures="0" timestamp="5 Nov 2017 22:30:58 GMT" time="20.117" errors="0">
  <testcase name="TestMultiplicacion2" time="20.101" classname="com.automation.training.MyHomework"/>
  <testcase name="TestGenerarFecha" time="0.016" classname="com.automation.training.MyHomework"/>
</testsuite> <!-- com.automation.training.MyHomework -->
