<?xml version="1.0" encoding="UTF-8"?>
<!-- Generated by org.testng.reporters.JUnitReportReporter -->
<testsuite hostname="ROBPC-PC" name="com.automation.training.MyHomework" tests="8" failures="0" timestamp="19 Oct 2017 08:34:18 GMT" time="0.042" errors="0">
  <testcase name="TestConcatenar" time="0.003" classname="com.automation.training.MyHomework"/>
  <testcase name="TestConcatenar" time="0.013" classname="com.automation.training.MyHomework"/>
  <testcase name="TestMultiplicarNumeros" time="0.002" classname="com.automation.training.MyHomework"/>
  <testcase name="TestConcatenar" time="0.003" classname="com.automation.training.MyHomework"/>
  <testcase name="TestConcatenar" time="0.014" classname="com.automation.training.MyHomework"/>
  <testcase name="TestMultiplicarNumeros" time="0.002" classname="com.automation.training.MyHomework"/>
  <testcase name="TestGenerarFecha" time="0.003" classname="com.automation.training.MyHomework"/>
  <testcase name="TestMultiplicarNumeros" time="0.002" classname="com.automation.training.MyHomework"/>
</testsuite> <!-- com.automation.training.MyHomework -->
