<?xml version="1.0" encoding="UTF-8"?>
<!-- Generated by org.testng.reporters.JUnitReportReporter -->
<testsuite skipped="1" hostname="ROBPC-PC" name="com.automation.homework.test.TestPuntoUno" tests="1" failures="0" timestamp="06 dic 2017 15:34:19 GMT" time="0.000" errors="0">
  <testcase name="testFlightSearchResultsPage" time="0.000" classname="com.automation.homework.test.TestPuntoUno">
    <skipped/>
  </testcase> <!-- testFlightSearchResultsPage -->
</testsuite> <!-- com.automation.homework.test.TestPuntoUno -->
