<?xml version="1.0" encoding="UTF-8"?>
<!-- Generated by org.testng.reporters.JUnitReportReporter -->
<testsuite skipped="1" hostname="ROBPC-PC" name="com.automation.homework.test.TestPuntoUno" tests="1" failures="0" timestamp="26 nov 2017 19:24:41 GMT" time="0.001" errors="0">
  <testcase name="testFlightSearchHomePage" time="0.001" classname="com.automation.homework.test.TestPuntoUno">
    <skipped/>
  </testcase> <!-- testFlightSearchHomePage -->
</testsuite> <!-- com.automation.homework.test.TestPuntoUno -->
