<?xml version="1.0" encoding="UTF-8"?>
<!-- Generated by org.testng.reporters.JUnitReportReporter -->
<testsuite skipped="0" hostname="ROBPC-PC" name="com.automation.homework.test.TestPuntoUno" tests="1" failures="0" timestamp="06 dic 2017 15:23:49 GMT" time="61.313" errors="0">
  <testcase name="testFlightSearchResultsPage" time="61.313" classname="com.automation.homework.test.TestPuntoUno"/>
</testsuite> <!-- com.automation.homework.test.TestPuntoUno -->
