<?xml version="1.0" encoding="UTF-8"?>
<!-- Generated by org.testng.reporters.JUnitReportReporter -->
<testsuite skipped="0" hostname="ROBPC-PC" name="com.automation.homework.test.TestPuntoDos" tests="1" failures="0" timestamp="14 dic 2017 06:52:14 GMT" time="67.490" errors="0">
  <testcase name="testFlightPlusHotelResultsPage" time="67.490" classname="com.automation.homework.test.TestPuntoDos"/>
</testsuite> <!-- com.automation.homework.test.TestPuntoDos -->
