<?xml version="1.0" encoding="UTF-8"?>
<!-- Generated by org.testng.reporters.JUnitReportReporter -->
<testsuite skipped="0" hostname="ROBPC-PC" name="com.automation.homework.test.TestPuntoUno" tests="1" failures="0" timestamp="06 dic 2017 15:46:09 GMT" time="75.403" errors="0">
  <testcase name="testFlightSearchResultsPage" time="75.403" classname="com.automation.homework.test.TestPuntoUno"/>
</testsuite> <!-- com.automation.homework.test.TestPuntoUno -->
