<?xml version="1.0" encoding="UTF-8"?>
<!-- Generated by org.testng.reporters.JUnitReportReporter -->
<testsuite skipped="0" hostname="ROBPC-PC" name="com.automation.homework.test.TestPuntoUno" tests="1" failures="0" timestamp="04 dic 2017 12:42:34 GMT" time="48.496" errors="0">
  <testcase name="testFlightSearchResultsPage" time="48.496" classname="com.automation.homework.test.TestPuntoUno"/>
</testsuite> <!-- com.automation.homework.test.TestPuntoUno -->
